TN:
SF:middlesware/auth.js
FN:4,(anonymous_0)
FNF:1
FNH:1
FNDA:21,(anonymous_0)
DA:1,4
DA:2,4
DA:4,4
DA:5,21
DA:6,21
DA:7,21
DA:8,21
DA:10,21
DA:12,0
DA:14,21
LF:10
LH:9
BRF:0
BRH:0
end_of_record
TN:
SF:middlesware/errorHandler.js
FN:1,(anonymous_0)
FNF:1
FNH:1
FNDA:5,(anonymous_0)
DA:1,5
DA:3,5
DA:4,0
DA:5,0
DA:6,0
DA:9,5
DA:10,4
DA:18,1
LF:8
LH:5
BRDA:3,0,0,0
BRDA:3,0,1,5
BRDA:9,1,0,4
BRDA:9,1,1,1
BRF:4
BRH:3
end_of_record
TN:
SF:models/MessagesModels.js
FN:30,(anonymous_0)
FNF:1
FNH:1
FNDA:4,(anonymous_0)
DA:1,4
DA:2,4
DA:3,4
DA:5,4
DA:30,4
DA:45,4
DA:47,4
LF:7
LH:7
BRF:0
BRH:0
end_of_record
TN:
SF:models/ProgrammingLanguageModel.js
FNF:0
FNH:0
DA:1,4
DA:3,4
DA:5,4
DA:24,4
LF:4
LH:4
BRF:0
BRH:0
end_of_record
TN:
SF:models/ProjectModel.js
FN:126,(anonymous_0)
FN:131,(anonymous_1)
FN:136,(anonymous_2)
FNF:3
FNH:3
FNDA:5,(anonymous_0)
FNDA:5,(anonymous_1)
FNDA:5,(anonymous_2)
DA:1,4
DA:3,4
DA:6,4
DA:28,4
DA:40,4
DA:126,4
DA:127,5
DA:131,4
DA:132,5
DA:136,4
DA:137,5
DA:138,0
DA:142,4
LF:13
LH:12
BRDA:137,0,0,0
BRDA:137,0,1,5
BRDA:137,1,0,5
BRDA:137,1,1,5
BRF:4
BRH:3
end_of_record
TN:
SF:models/ProjectTypeModel.js
FNF:0
FNH:0
DA:1,4
DA:3,4
DA:5,4
DA:24,4
LF:4
LH:4
BRF:0
BRH:0
end_of_record
TN:
SF:models/TechnologyModel.js
FNF:0
FNH:0
DA:1,4
DA:3,4
DA:5,4
DA:24,4
LF:4
LH:4
BRF:0
BRH:0
end_of_record
TN:
SF:models/Users.js
FNF:0
FNH:0
DA:1,4
DA:2,4
DA:4,4
DA:9,4
DA:11,4
LF:5
LH:5
BRF:0
BRH:0
end_of_record
TN:
SF:routes/messagesRoutes.js
FNF:0
FNH:0
DA:1,4
DA:2,4
DA:3,4
DA:4,4
DA:43,4
DA:91,4
DA:118,4
DA:145,4
DA:147,4
LF:9
LH:9
BRF:0
BRH:0
end_of_record
TN:
SF:routes/projectRoutes.js
FNF:0
FNH:0
DA:1,4
DA:2,4
DA:3,4
DA:4,4
DA:23,4
DA:44,4
DA:66,4
DA:98,4
DA:127,4
DA:150,4
DA:152,4
LF:11
LH:11
BRF:0
BRH:0
end_of_record
TN:
SF:routes/tagRoutes.js
FNF:0
FNH:0
DA:1,4
DA:2,4
DA:3,4
DA:4,4
DA:31,4
DA:52,4
DA:74,4
DA:103,4
DA:126,4
DA:142,4
DA:163,4
DA:185,4
DA:214,4
DA:237,4
DA:253,4
DA:274,4
DA:296,4
DA:325,4
DA:348,4
DA:350,4
LF:20
LH:20
BRF:0
BRH:0
end_of_record
TN:
SF:routes/user.js
FNF:0
FNH:0
DA:1,4
DA:2,4
DA:3,4
DA:91,4
DA:163,4
DA:165,4
LF:6
LH:6
BRF:0
BRH:0
end_of_record
