TN:
SF:middlesware/auth.js
FN:4,(anonymous_0)
FNF:1
FNH:1
FNDA:16,(anonymous_0)
DA:1,3
DA:2,3
DA:4,3
DA:5,16
DA:6,16
DA:7,16
DA:8,16
DA:10,16
DA:12,0
DA:14,16
LF:10
LH:9
BRF:0
BRH:0
end_of_record
TN:
SF:middlesware/errorHandler.js
FN:1,(anonymous_0)
FNF:1
FNH:1
FNDA:5,(anonymous_0)
DA:1,4
DA:3,5
DA:4,0
DA:5,0
DA:6,0
DA:9,5
DA:10,4
DA:18,1
LF:8
LH:5
BRDA:3,0,0,0
BRDA:3,0,1,5
BRDA:9,1,0,4
BRDA:9,1,1,1
BRF:4
BRH:3
end_of_record
TN:
SF:models/ProgrammingLanguageModel.js
FNF:0
FNH:0
DA:1,3
DA:3,3
DA:5,3
DA:24,3
LF:4
LH:4
BRF:0
BRH:0
end_of_record
TN:
SF:models/ProjectModel.js
FN:139,(anonymous_0)
FN:144,(anonymous_1)
FN:149,(anonymous_2)
FNF:3
FNH:3
FNDA:5,(anonymous_0)
FNDA:5,(anonymous_1)
FNDA:5,(anonymous_2)
DA:1,3
DA:3,3
DA:10,3
DA:37,3
DA:53,3
DA:139,3
DA:140,5
DA:144,3
DA:145,5
DA:149,3
DA:150,5
DA:151,0
DA:155,3
LF:13
LH:12
BRDA:150,0,0,0
BRDA:150,0,1,5
BRDA:150,1,0,5
BRDA:150,1,1,5
BRF:4
BRH:3
end_of_record
TN:
SF:models/ProjectTypeModel.js
FNF:0
FNH:0
DA:1,3
DA:3,3
DA:5,3
DA:24,3
LF:4
LH:4
BRF:0
BRH:0
end_of_record
TN:
SF:models/TechnologyModel.js
FNF:0
FNH:0
DA:1,3
DA:3,3
DA:5,3
DA:24,3
LF:4
LH:4
BRF:0
BRH:0
end_of_record
TN:
SF:models/Users.js
FNF:0
FNH:0
DA:1,3
DA:2,3
DA:4,3
DA:9,3
DA:11,3
LF:5
LH:5
BRF:0
BRH:0
end_of_record
TN:
SF:routes/projectRoutes.js
FNF:0
FNH:0
DA:1,3
DA:2,3
DA:3,3
DA:4,3
DA:23,3
DA:44,3
DA:66,3
DA:95,3
DA:118,3
DA:120,3
LF:10
LH:10
BRF:0
BRH:0
end_of_record
TN:
SF:routes/tagRoutes.js
FNF:0
FNH:0
DA:1,3
DA:2,3
DA:3,3
DA:4,3
DA:31,3
DA:52,3
DA:74,3
DA:103,3
DA:126,3
DA:142,3
DA:163,3
DA:185,3
DA:214,3
DA:237,3
DA:253,3
DA:274,3
DA:296,3
DA:325,3
DA:348,3
DA:350,3
LF:20
LH:20
BRF:0
BRH:0
end_of_record
TN:
SF:routes/user.js
FNF:0
FNH:0
DA:1,3
DA:2,3
DA:3,3
DA:91,3
DA:163,3
DA:165,3
LF:6
LH:6
BRF:0
BRH:0
end_of_record
